<?xml version="1.0" encoding="UTF-8"?>
<!-- Generated by org.testng.reporters.JUnitXMLReporter -->
<testsuite ignored="0" hostname="DESKTOP-7GVOSDV" failures="4" tests="18" name="Amz_Test2" time="320.706" errors="0" timestamp="2024-10-10T22:17:12 IST">
  <testcase classname="Pkg_maven.Amz_project.New_user_registration" name="register" time="5.135"/>
  <testcase classname="Pkg_maven.Amz_project.Login_using_correct_cred" name="login_method" time="9.043"/>
  <testcase classname="Pkg_maven.Amz_project.Login_using_incorrect_cred" name="login_incorrect_cred" time="5.227"/>
  <testcase classname="Pkg_maven.Amz_project.Profile_edit_name" name="edit_profile_username" time="7.935"/>
  <testcase classname="Pkg_maven.Amz_project.search_product" name="Amz_search_product" time="5.18"/>
  <testcase classname="Pkg_maven.Amz_project.Search_apply_filter_category" name="apply_filter" time="14.587"/>
  <testcase classname="Pkg_maven.Amz_project.Check_product_details_present" name="verify_product_details" time="8.964"/>
  <testcase classname="Pkg_maven.Amz_project.Products_sort_price" name="price_hightolow" time="10.34">
    <failure type="java.lang.AssertionError" message="the products in search page are not shown in descending order of price expected [true] but found [false]">
      <![CDATA[java.lang.AssertionError: the products in search page are not shown in descending order of price expected [true] but found [false]
at Pkg_maven.Amz_project.Amz_search_page.verify_searchresult_hightolow(Amz_search_page.java:103)
at Pkg_maven.Amz_project.Products_sort_price.price_hightolow(Products_sort_price.java:28)
at java.base/java.util.ArrayList.forEach(ArrayList.java:1597)
... Removed 28 stack frames]]>
    </failure>
  </testcase> <!-- price_hightolow -->
  <testcase classname="Pkg_maven.Amz_project.Products_sort_price" name="price_lowtohigh" time="9.8">
    <failure type="java.lang.AssertionError" message="the products in search page are not shown in ascending order of price expected [true] but found [false]">
      <![CDATA[java.lang.AssertionError: the products in search page are not shown in ascending order of price expected [true] but found [false]
at Pkg_maven.Amz_project.Amz_search_page.verify_searchresult_lowtohigh(Amz_search_page.java:90)
at Pkg_maven.Amz_project.Products_sort_price.price_lowtohigh(Products_sort_price.java:18)
at java.base/java.util.ArrayList.forEach(ArrayList.java:1597)
... Removed 28 stack frames]]>
    </failure>
  </testcase> <!-- price_lowtohigh -->
  <testcase classname="Pkg_maven.Amz_project.Products_sort_price" name="sort_reviews" time="12.519">
    <failure type="java.lang.AssertionError" message="the products in search page are not shown in ascending order of average customer reviews expected [true] but found [false]">
      <![CDATA[java.lang.AssertionError: the products in search page are not shown in ascending order of average customer reviews expected [true] but found [false]
at Pkg_maven.Amz_project.Amz_search_page.verify_searchresult_reviewsort(Amz_search_page.java:117)
at Pkg_maven.Amz_project.Products_sort_price.sort_reviews(Products_sort_price.java:39)
at java.base/java.util.ArrayList.forEach(ArrayList.java:1597)
... Removed 28 stack frames]]>
    </failure>
  </testcase> <!-- sort_reviews -->
  <testcase classname="Pkg_maven.Amz_project.Add_product_to_cart" name="add_product" time="13.819"/>
  <testcase classname="Pkg_maven.Amz_project.Validate_payment_options" name="check_payment_method_selection" time="27.834"/>
  <testcase classname="Pkg_maven.Amz_project.Cart_operation" name="delete_product_cart" time="15.369"/>
  <testcase classname="Pkg_maven.Amz_project.Cart_operation" name="increase_qauntity" time="15.64"/>
  <testcase classname="Pkg_maven.Amz_project.validate_checkout_process" name="checkout_process" time="39.484">
    <failure type="org.openqa.selenium.NoSuchElementException" message="no such element: Unable to locate element: {&amp;quot;method&amp;quot;:&amp;quot;xpath&amp;quot;,&amp;quot;selector&amp;quot;:&amp;quot;//div[@aria-label=&amp;apos;Review items and delivery&amp;apos;]&amp;quot;}
  (Session info: chrome=129.0.6668.90)
For documentation on this error, please visit: https://www.selenium.dev/documentation/webdriver/troubleshooting/errors#no-such-element-exception
Build info: version: &amp;apos;4.23.1&amp;apos;, revision: &amp;apos;656257d8e9&amp;apos;
System info: os.name: &amp;apos;Windows 11&amp;apos;, os.arch: &amp;apos;amd64&amp;apos;, os.version: &amp;apos;10.0&amp;apos;, java.version: &amp;apos;22.0.2&amp;apos;
Driver info: org.openqa.selenium.chrome.ChromeDriver
Command: [9b7e780d2eb553d563d1377a38def31a, findElement {value=//div[@aria-label=&amp;apos;Review items and delivery&amp;apos;], using=xpath}]
Capabilities {acceptInsecureCerts: false, browserName: chrome, browserVersion: 129.0.6668.90, chrome: {chromedriverVersion: 129.0.6668.100 (cf58cba358d..., userDataDir: C:\Users\Admin\AppData\Loca...}, fedcm:accounts: true, goog:chromeOptions: {debuggerAddress: localhost:61672}, networkConnectionEnabled: false, pageLoadStrategy: normal, platformName: windows, proxy: Proxy(), se:cdp: ws://localhost:61672/devtoo..., se:cdpVersion: 129.0.6668.90, setWindowRect: true, strictFileInteractability: false, timeouts: {implicit: 0, pageLoad: 300000, script: 30000}, unhandledPromptBehavior: dismiss and notify, webauthn:extension:credBlob: true, webauthn:extension:largeBlob: true, webauthn:extension:minPinLength: true, webauthn:extension:prf: true, webauthn:virtualAuthenticators: true}
Session ID: 9b7e780d2eb553d563d1377a38def31a">
      <![CDATA[org.openqa.selenium.NoSuchElementException: no such element: Unable to locate element: {"method":"xpath","selector":"//div[@aria-label='Review items and delivery']"}
  (Session info: chrome=129.0.6668.90)
For documentation on this error, please visit: https://www.selenium.dev/documentation/webdriver/troubleshooting/errors#no-such-element-exception
Build info: version: '4.23.1', revision: '656257d8e9'
System info: os.name: 'Windows 11', os.arch: 'amd64', os.version: '10.0', java.version: '22.0.2'
Driver info: org.openqa.selenium.chrome.ChromeDriver
Command: [9b7e780d2eb553d563d1377a38def31a, findElement {value=//div[@aria-label='Review items and delivery'], using=xpath}]
Capabilities {acceptInsecureCerts: false, browserName: chrome, browserVersion: 129.0.6668.90, chrome: {chromedriverVersion: 129.0.6668.100 (cf58cba358d..., userDataDir: C:\Users\Admin\AppData\Loca...}, fedcm:accounts: true, goog:chromeOptions: {debuggerAddress: localhost:61672}, networkConnectionEnabled: false, pageLoadStrategy: normal, platformName: windows, proxy: Proxy(), se:cdp: ws://localhost:61672/devtoo..., se:cdpVersion: 129.0.6668.90, setWindowRect: true, strictFileInteractability: false, timeouts: {implicit: 0, pageLoad: 300000, script: 30000}, unhandledPromptBehavior: dismiss and notify, webauthn:extension:credBlob: true, webauthn:extension:largeBlob: true, webauthn:extension:minPinLength: true, webauthn:extension:prf: true, webauthn:virtualAuthenticators: true}
Session ID: 9b7e780d2eb553d563d1377a38def31a
at org.openqa.selenium.remote.ErrorCodec.decode(ErrorCodec.java:167)
at org.openqa.selenium.remote.codec.w3c.W3CHttpResponseCodec.decode(W3CHttpResponseCodec.java:138)
at org.openqa.selenium.remote.codec.w3c.W3CHttpResponseCodec.decode(W3CHttpResponseCodec.java:50)
at org.openqa.selenium.remote.HttpCommandExecutor.execute(HttpCommandExecutor.java:190)
at org.openqa.selenium.remote.service.DriverCommandExecutor.invokeExecute(DriverCommandExecutor.java:216)
at org.openqa.selenium.remote.service.DriverCommandExecutor.execute(DriverCommandExecutor.java:174)
at org.openqa.selenium.remote.RemoteWebDriver.execute(RemoteWebDriver.java:545)
at org.openqa.selenium.remote.ElementLocation$ElementFinder$2.findElement(ElementLocation.java:165)
at org.openqa.selenium.remote.ElementLocation.findElement(ElementLocation.java:59)
at org.openqa.selenium.remote.RemoteWebDriver.findElement(RemoteWebDriver.java:368)
at org.openqa.selenium.remote.RemoteWebDriver.findElement(RemoteWebDriver.java:362)
at Pkg_maven.Amz_project.validate_checkout_process.checkout_process(validate_checkout_process.java:39)
at java.base/java.util.ArrayList.forEach(ArrayList.java:1597)
... Removed 28 stack frames]]>
    </failure>
  </testcase> <!-- checkout_process -->
  <testcase classname="Pkg_maven.Amz_project.Apply_promocode" name="enter_promocode" time="46.379"/>
  <testcase classname="Pkg_maven.Amz_project.Reviews_order" name="give_review" time="6.069"/>
  <testcase classname="Pkg_maven.Amz_project.Validate_checkout_process_without_login" name="checkout_without_logout" time="11.23"/>
</testsuite> <!-- Amz_Test2 -->
