<?xml version="1.0" encoding="UTF-8"?>
<testng-results ignored="0" total="18" passed="12" failed="6" skipped="0">
  <reporter-output>
    <line>
      <![CDATA[test case has been passed]]>
    </line>
    <line>
      <![CDATA[test case has been passed]]>
    </line>
    <line>
      <![CDATA[test case has been passed]]>
    </line>
    <line>
      <![CDATA[test case has been passed]]>
    </line>
    <line>
      <![CDATA[test case has been passed]]>
    </line>
    <line>
      <![CDATA[test case has been passed]]>
    </line>
    <line>
      <![CDATA[test case has been passed]]>
    </line>
    <line>
      <![CDATA[test case has been failed]]>
    </line>
    <line>
      <![CDATA[test case has been failed]]>
    </line>
    <line>
      <![CDATA[test case has been failed]]>
    </line>
    <line>
      <![CDATA[test case has been failed]]>
    </line>
    <line>
      <![CDATA[test case has been passed]]>
    </line>
    <line>
      <![CDATA[test case has been passed]]>
    </line>
    <line>
      <![CDATA[test case has been passed]]>
    </line>
    <line>
      <![CDATA[test case has been failed]]>
    </line>
    <line>
      <![CDATA[test case has been failed]]>
    </line>
    <line>
      <![CDATA[test case has been passed]]>
    </line>
    <line>
      <![CDATA[test case has been passed]]>
    </line>
  </reporter-output>
  <suite started-at="2024-10-10T19:24:22 IST" name="Amz_Suite2" finished-at="2024-10-10T19:30:13 IST" duration-ms="351331">
    <groups>
    </groups>
    <test started-at="2024-10-10T19:24:22 IST" name="Amz_Test2" finished-at="2024-10-10T19:30:13 IST" duration-ms="351331">
      <class name="Pkg_maven.Amz_project.Search_apply_filter_category">
        <test-method is-config="true" signature="Amz_login()[pri:0, instance:Pkg_maven.Amz_project.Search_apply_filter_category@550dbc7a]" started-at="2024-10-10T19:24:59 IST" name="Amz_login" finished-at="2024-10-10T19:25:02 IST" duration-ms="3045" status="PASS">
          <reporter-output>
          </reporter-output>
        </test-method> <!-- Amz_login -->
        <test-method signature="apply_filter()[pri:0, instance:Pkg_maven.Amz_project.Search_apply_filter_category@550dbc7a]" started-at="2024-10-10T19:25:02 IST" name="apply_filter" finished-at="2024-10-10T19:25:16 IST" duration-ms="13693" status="PASS">
          <reporter-output>
            <line>
              <![CDATA[test case has been passed]]>
            </line>
          </reporter-output>
        </test-method> <!-- apply_filter -->
        <test-method is-config="true" signature="Amz_logout()[pri:0, instance:Pkg_maven.Amz_project.Search_apply_filter_category@550dbc7a]" started-at="2024-10-10T19:25:16 IST" name="Amz_logout" finished-at="2024-10-10T19:25:18 IST" duration-ms="2051" status="PASS">
          <reporter-output>
          </reporter-output>
        </test-method> <!-- Amz_logout -->
      </class> <!-- Pkg_maven.Amz_project.Search_apply_filter_category -->
      <class name="Pkg_maven.Amz_project.validate_checkout_process">
        <test-method is-config="true" signature="Amz_login()[pri:0, instance:Pkg_maven.Amz_project.validate_checkout_process@1e1a0406]" started-at="2024-10-10T19:27:54 IST" name="Amz_login" finished-at="2024-10-10T19:27:57 IST" duration-ms="3135" status="PASS">
          <reporter-output>
          </reporter-output>
        </test-method> <!-- Amz_login -->
        <test-method signature="checkout_process()[pri:0, instance:Pkg_maven.Amz_project.validate_checkout_process@1e1a0406]" started-at="2024-10-10T19:27:57 IST" name="checkout_process" finished-at="2024-10-10T19:28:33 IST" duration-ms="36131" status="FAIL">
          <exception class="org.openqa.selenium.NoSuchElementException">
            <message>
              <![CDATA[no such element: Unable to locate element: {"method":"xpath","selector":"//div[@aria-label='Review items and delivery']"}
  (Session info: chrome=129.0.6668.90)
For documentation on this error, please visit: https://www.selenium.dev/documentation/webdriver/troubleshooting/errors#no-such-element-exception
Build info: version: '4.25.0', revision: '8a8aea2337'
System info: os.name: 'Windows 11', os.arch: 'amd64', os.version: '10.0', java.version: '22.0.2'
Driver info: org.openqa.selenium.chrome.ChromeDriver
Command: [742bc3196785cacdab0ddd76fcae84c9, findElement {value=//div[@aria-label='Review items and delivery'], using=xpath}]
Capabilities {acceptInsecureCerts: false, browserName: chrome, browserVersion: 129.0.6668.90, chrome: {chromedriverVersion: 129.0.6668.100 (cf58cba358d..., userDataDir: C:\Users\Admin\AppData\Loca...}, fedcm:accounts: true, goog:chromeOptions: {debuggerAddress: localhost:54868}, networkConnectionEnabled: false, pageLoadStrategy: normal, platformName: windows, proxy: Proxy(), se:cdp: ws://localhost:54868/devtoo..., se:cdpVersion: 129.0.6668.90, setWindowRect: true, strictFileInteractability: false, timeouts: {implicit: 0, pageLoad: 300000, script: 30000}, unhandledPromptBehavior: dismiss and notify, webauthn:extension:credBlob: true, webauthn:extension:largeBlob: true, webauthn:extension:minPinLength: true, webauthn:extension:prf: true, webauthn:virtualAuthenticators: true}
Session ID: 742bc3196785cacdab0ddd76fcae84c9]]>
            </message>
            <full-stacktrace>
              <![CDATA[org.openqa.selenium.NoSuchElementException: no such element: Unable to locate element: {"method":"xpath","selector":"//div[@aria-label='Review items and delivery']"}
  (Session info: chrome=129.0.6668.90)
For documentation on this error, please visit: https://www.selenium.dev/documentation/webdriver/troubleshooting/errors#no-such-element-exception
Build info: version: '4.25.0', revision: '8a8aea2337'
System info: os.name: 'Windows 11', os.arch: 'amd64', os.version: '10.0', java.version: '22.0.2'
Driver info: org.openqa.selenium.chrome.ChromeDriver
Command: [742bc3196785cacdab0ddd76fcae84c9, findElement {value=//div[@aria-label='Review items and delivery'], using=xpath}]
Capabilities {acceptInsecureCerts: false, browserName: chrome, browserVersion: 129.0.6668.90, chrome: {chromedriverVersion: 129.0.6668.100 (cf58cba358d..., userDataDir: C:\Users\Admin\AppData\Loca...}, fedcm:accounts: true, goog:chromeOptions: {debuggerAddress: localhost:54868}, networkConnectionEnabled: false, pageLoadStrategy: normal, platformName: windows, proxy: Proxy(), se:cdp: ws://localhost:54868/devtoo..., se:cdpVersion: 129.0.6668.90, setWindowRect: true, strictFileInteractability: false, timeouts: {implicit: 0, pageLoad: 300000, script: 30000}, unhandledPromptBehavior: dismiss and notify, webauthn:extension:credBlob: true, webauthn:extension:largeBlob: true, webauthn:extension:minPinLength: true, webauthn:extension:prf: true, webauthn:virtualAuthenticators: true}
Session ID: 742bc3196785cacdab0ddd76fcae84c9
at java.base/jdk.internal.reflect.DirectConstructorHandleAccessor.newInstance(DirectConstructorHandleAccessor.java:62)
at java.base/java.lang.reflect.Constructor.newInstanceWithCaller(Constructor.java:502)
at java.base/java.lang.reflect.Constructor.newInstance(Constructor.java:486)
at org.openqa.selenium.remote.ErrorCodec.decode(ErrorCodec.java:167)
at org.openqa.selenium.remote.codec.w3c.W3CHttpResponseCodec.decode(W3CHttpResponseCodec.java:138)
at org.openqa.selenium.remote.codec.w3c.W3CHttpResponseCodec.decode(W3CHttpResponseCodec.java:50)
at org.openqa.selenium.remote.HttpCommandExecutor.execute(HttpCommandExecutor.java:190)
at org.openqa.selenium.remote.service.DriverCommandExecutor.invokeExecute(DriverCommandExecutor.java:216)
at org.openqa.selenium.remote.service.DriverCommandExecutor.execute(DriverCommandExecutor.java:174)
at org.openqa.selenium.remote.RemoteWebDriver.execute(RemoteWebDriver.java:545)
at org.openqa.selenium.remote.ElementLocation$ElementFinder$2.findElement(ElementLocation.java:165)
at org.openqa.selenium.remote.ElementLocation.findElement(ElementLocation.java:59)
at org.openqa.selenium.remote.RemoteWebDriver.findElement(RemoteWebDriver.java:368)
at org.openqa.selenium.remote.RemoteWebDriver.findElement(RemoteWebDriver.java:362)
at Pkg_maven.Amz_project.validate_checkout_process.checkout_process(validate_checkout_process.java:39)
at java.base/jdk.internal.reflect.DirectMethodHandleAccessor.invoke(DirectMethodHandleAccessor.java:103)
at java.base/java.lang.reflect.Method.invoke(Method.java:580)
at org.testng.internal.MethodInvocationHelper.invokeMethod(MethodInvocationHelper.java:133)
at org.testng.internal.TestInvoker.invokeMethod(TestInvoker.java:598)
at org.testng.internal.TestInvoker.invokeTestMethod(TestInvoker.java:173)
at org.testng.internal.MethodRunner.runInSequence(MethodRunner.java:46)
at org.testng.internal.TestInvoker$MethodInvocationAgent.invoke(TestInvoker.java:824)
at org.testng.internal.TestInvoker.invokeTestMethods(TestInvoker.java:146)
at org.testng.internal.TestMethodWorker.invokeTestMethods(TestMethodWorker.java:146)
at org.testng.internal.TestMethodWorker.run(TestMethodWorker.java:128)
at java.base/java.util.ArrayList.forEach(ArrayList.java:1597)
at org.testng.TestRunner.privateRun(TestRunner.java:794)
at org.testng.TestRunner.run(TestRunner.java:596)
at org.testng.SuiteRunner.runTest(SuiteRunner.java:377)
at org.testng.SuiteRunner.runSequentially(SuiteRunner.java:371)
at org.testng.SuiteRunner.privateRun(SuiteRunner.java:332)
at org.testng.SuiteRunner.run(SuiteRunner.java:276)
at org.testng.SuiteRunnerWorker.runSuite(SuiteRunnerWorker.java:53)
at org.testng.SuiteRunnerWorker.run(SuiteRunnerWorker.java:96)
at org.testng.TestNG.runSuitesSequentially(TestNG.java:1212)
at org.testng.TestNG.runSuitesLocally(TestNG.java:1134)
at org.testng.TestNG.runSuites(TestNG.java:1063)
at org.testng.TestNG.run(TestNG.java:1031)
at org.apache.maven.surefire.testng.TestNGExecutor.run(TestNGExecutor.java:324)
at org.apache.maven.surefire.testng.TestNGXmlTestSuite.execute(TestNGXmlTestSuite.java:74)
at org.apache.maven.surefire.testng.TestNGProvider.invoke(TestNGProvider.java:123)
at org.apache.maven.surefire.booter.ForkedBooter.runSuitesInProcess(ForkedBooter.java:456)
at org.apache.maven.surefire.booter.ForkedBooter.execute(ForkedBooter.java:169)
at org.apache.maven.surefire.booter.ForkedBooter.run(ForkedBooter.java:595)
at org.apache.maven.surefire.booter.ForkedBooter.main(ForkedBooter.java:581)
]]>
            </full-stacktrace>
          </exception> <!-- org.openqa.selenium.NoSuchElementException -->
          <reporter-output>
            <line>
              <![CDATA[test case has been failed]]>
            </line>
          </reporter-output>
        </test-method> <!-- checkout_process -->
        <test-method is-config="true" signature="Amz_logout()[pri:0, instance:Pkg_maven.Amz_project.validate_checkout_process@1e1a0406]" started-at="2024-10-10T19:28:33 IST" name="Amz_logout" finished-at="2024-10-10T19:28:43 IST" duration-ms="10041" status="FAIL">
          <exception class="org.openqa.selenium.NoSuchElementException">
            <message>
              <![CDATA[no such element: Unable to locate element: {"method":"css selector","selector":"#nav\-link\-accountList"}
  (Session info: chrome=129.0.6668.90)
For documentation on this error, please visit: https://www.selenium.dev/documentation/webdriver/troubleshooting/errors#no-such-element-exception
Build info: version: '4.25.0', revision: '8a8aea2337'
System info: os.name: 'Windows 11', os.arch: 'amd64', os.version: '10.0', java.version: '22.0.2'
Driver info: org.openqa.selenium.chrome.ChromeDriver
Command: [742bc3196785cacdab0ddd76fcae84c9, findElement {value=nav-link-accountList, using=id}]
Capabilities {acceptInsecureCerts: false, browserName: chrome, browserVersion: 129.0.6668.90, chrome: {chromedriverVersion: 129.0.6668.100 (cf58cba358d..., userDataDir: C:\Users\Admin\AppData\Loca...}, fedcm:accounts: true, goog:chromeOptions: {debuggerAddress: localhost:54868}, networkConnectionEnabled: false, pageLoadStrategy: normal, platformName: windows, proxy: Proxy(), se:cdp: ws://localhost:54868/devtoo..., se:cdpVersion: 129.0.6668.90, setWindowRect: true, strictFileInteractability: false, timeouts: {implicit: 0, pageLoad: 300000, script: 30000}, unhandledPromptBehavior: dismiss and notify, webauthn:extension:credBlob: true, webauthn:extension:largeBlob: true, webauthn:extension:minPinLength: true, webauthn:extension:prf: true, webauthn:virtualAuthenticators: true}
Session ID: 742bc3196785cacdab0ddd76fcae84c9]]>
            </message>
            <full-stacktrace>
              <![CDATA[org.openqa.selenium.NoSuchElementException: no such element: Unable to locate element: {"method":"css selector","selector":"#nav\-link\-accountList"}
  (Session info: chrome=129.0.6668.90)
For documentation on this error, please visit: https://www.selenium.dev/documentation/webdriver/troubleshooting/errors#no-such-element-exception
Build info: version: '4.25.0', revision: '8a8aea2337'
System info: os.name: 'Windows 11', os.arch: 'amd64', os.version: '10.0', java.version: '22.0.2'
Driver info: org.openqa.selenium.chrome.ChromeDriver
Command: [742bc3196785cacdab0ddd76fcae84c9, findElement {value=nav-link-accountList, using=id}]
Capabilities {acceptInsecureCerts: false, browserName: chrome, browserVersion: 129.0.6668.90, chrome: {chromedriverVersion: 129.0.6668.100 (cf58cba358d..., userDataDir: C:\Users\Admin\AppData\Loca...}, fedcm:accounts: true, goog:chromeOptions: {debuggerAddress: localhost:54868}, networkConnectionEnabled: false, pageLoadStrategy: normal, platformName: windows, proxy: Proxy(), se:cdp: ws://localhost:54868/devtoo..., se:cdpVersion: 129.0.6668.90, setWindowRect: true, strictFileInteractability: false, timeouts: {implicit: 0, pageLoad: 300000, script: 30000}, unhandledPromptBehavior: dismiss and notify, webauthn:extension:credBlob: true, webauthn:extension:largeBlob: true, webauthn:extension:minPinLength: true, webauthn:extension:prf: true, webauthn:virtualAuthenticators: true}
Session ID: 742bc3196785cacdab0ddd76fcae84c9
at java.base/jdk.internal.reflect.DirectConstructorHandleAccessor.newInstance(DirectConstructorHandleAccessor.java:62)
at java.base/java.lang.reflect.Constructor.newInstanceWithCaller(Constructor.java:502)
at java.base/java.lang.reflect.Constructor.newInstance(Constructor.java:486)
at org.openqa.selenium.remote.ErrorCodec.decode(ErrorCodec.java:167)
at org.openqa.selenium.remote.codec.w3c.W3CHttpResponseCodec.decode(W3CHttpResponseCodec.java:138)
at org.openqa.selenium.remote.codec.w3c.W3CHttpResponseCodec.decode(W3CHttpResponseCodec.java:50)
at org.openqa.selenium.remote.HttpCommandExecutor.execute(HttpCommandExecutor.java:190)
at org.openqa.selenium.remote.service.DriverCommandExecutor.invokeExecute(DriverCommandExecutor.java:216)
at org.openqa.selenium.remote.service.DriverCommandExecutor.execute(DriverCommandExecutor.java:174)
at org.openqa.selenium.remote.RemoteWebDriver.execute(RemoteWebDriver.java:545)
at org.openqa.selenium.remote.ElementLocation$ElementFinder$2.findElement(ElementLocation.java:165)
at org.openqa.selenium.remote.ElementLocation.findElement(ElementLocation.java:59)
at org.openqa.selenium.remote.RemoteWebDriver.findElement(RemoteWebDriver.java:368)
at org.openqa.selenium.remote.RemoteWebDriver.findElement(RemoteWebDriver.java:362)
at Pkg_maven.Amz_project.login_logout.Amz_logout(login_logout.java:41)
at java.base/jdk.internal.reflect.DirectMethodHandleAccessor.invoke(DirectMethodHandleAccessor.java:103)
at java.base/java.lang.reflect.Method.invoke(Method.java:580)
at org.testng.internal.MethodInvocationHelper.invokeMethod(MethodInvocationHelper.java:133)
at org.testng.internal.MethodInvocationHelper.invokeMethodConsideringTimeout(MethodInvocationHelper.java:62)
at org.testng.internal.ConfigInvoker.invokeConfigurationMethod(ConfigInvoker.java:385)
at org.testng.internal.ConfigInvoker.invokeConfigurations(ConfigInvoker.java:321)
at org.testng.internal.TestInvoker.runConfigMethods(TestInvoker.java:700)
at org.testng.internal.TestInvoker.runAfterGroupsConfigurations(TestInvoker.java:676)
at org.testng.internal.TestInvoker.invokeMethod(TestInvoker.java:660)
at org.testng.internal.TestInvoker.invokeTestMethod(TestInvoker.java:173)
at org.testng.internal.MethodRunner.runInSequence(MethodRunner.java:46)
at org.testng.internal.TestInvoker$MethodInvocationAgent.invoke(TestInvoker.java:824)
at org.testng.internal.TestInvoker.invokeTestMethods(TestInvoker.java:146)
at org.testng.internal.TestMethodWorker.invokeTestMethods(TestMethodWorker.java:146)
at org.testng.internal.TestMethodWorker.run(TestMethodWorker.java:128)
at java.base/java.util.ArrayList.forEach(ArrayList.java:1597)
at org.testng.TestRunner.privateRun(TestRunner.java:794)
at org.testng.TestRunner.run(TestRunner.java:596)
at org.testng.SuiteRunner.runTest(SuiteRunner.java:377)
at org.testng.SuiteRunner.runSequentially(SuiteRunner.java:371)
at org.testng.SuiteRunner.privateRun(SuiteRunner.java:332)
at org.testng.SuiteRunner.run(SuiteRunner.java:276)
at org.testng.SuiteRunnerWorker.runSuite(SuiteRunnerWorker.java:53)
at org.testng.SuiteRunnerWorker.run(SuiteRunnerWorker.java:96)
at org.testng.TestNG.runSuitesSequentially(TestNG.java:1212)
at org.testng.TestNG.runSuitesLocally(TestNG.java:1134)
at org.testng.TestNG.runSuites(TestNG.java:1063)
at org.testng.TestNG.run(TestNG.java:1031)
at org.apache.maven.surefire.testng.TestNGExecutor.run(TestNGExecutor.java:324)
at org.apache.maven.surefire.testng.TestNGXmlTestSuite.execute(TestNGXmlTestSuite.java:74)
at org.apache.maven.surefire.testng.TestNGProvider.invoke(TestNGProvider.java:123)
at org.apache.maven.surefire.booter.ForkedBooter.runSuitesInProcess(ForkedBooter.java:456)
at org.apache.maven.surefire.booter.ForkedBooter.execute(ForkedBooter.java:169)
at org.apache.maven.surefire.booter.ForkedBooter.run(ForkedBooter.java:595)
at org.apache.maven.surefire.booter.ForkedBooter.main(ForkedBooter.java:581)
]]>
            </full-stacktrace>
          </exception> <!-- org.openqa.selenium.NoSuchElementException -->
          <reporter-output>
          </reporter-output>
        </test-method> <!-- Amz_logout -->
      </class> <!-- Pkg_maven.Amz_project.validate_checkout_process -->
      <class name="Pkg_maven.Amz_project.Add_product_to_cart">
        <test-method is-config="true" signature="Amz_login()[pri:0, instance:Pkg_maven.Amz_project.Add_product_to_cart@7bab3f1a]" started-at="2024-10-10T19:26:12 IST" name="Amz_login" finished-at="2024-10-10T19:26:15 IST" duration-ms="2660" status="PASS">
          <reporter-output>
          </reporter-output>
        </test-method> <!-- Amz_login -->
        <test-method signature="add_product()[pri:0, instance:Pkg_maven.Amz_project.Add_product_to_cart@7bab3f1a]" started-at="2024-10-10T19:26:15 IST" name="add_product" finished-at="2024-10-10T19:26:25 IST" duration-ms="10025" status="FAIL">
          <exception class="org.openqa.selenium.NoSuchElementException">
            <message>
              <![CDATA[no such element: Unable to locate element: {"method":"css selector","selector":"#twotabsearchtextbox"}
  (Session info: chrome=129.0.6668.90)
For documentation on this error, please visit: https://www.selenium.dev/documentation/webdriver/troubleshooting/errors#no-such-element-exception
Build info: version: '4.25.0', revision: '8a8aea2337'
System info: os.name: 'Windows 11', os.arch: 'amd64', os.version: '10.0', java.version: '22.0.2'
Driver info: org.openqa.selenium.chrome.ChromeDriver
Command: [cc670bb8abe19cfb9b060bf5b9d08960, findElement {value=twotabsearchtextbox, using=id}]
Capabilities {acceptInsecureCerts: false, browserName: chrome, browserVersion: 129.0.6668.90, chrome: {chromedriverVersion: 129.0.6668.100 (cf58cba358d..., userDataDir: C:\Users\Admin\AppData\Loca...}, fedcm:accounts: true, goog:chromeOptions: {debuggerAddress: localhost:54379}, networkConnectionEnabled: false, pageLoadStrategy: normal, platformName: windows, proxy: Proxy(), se:cdp: ws://localhost:54379/devtoo..., se:cdpVersion: 129.0.6668.90, setWindowRect: true, strictFileInteractability: false, timeouts: {implicit: 0, pageLoad: 300000, script: 30000}, unhandledPromptBehavior: dismiss and notify, webauthn:extension:credBlob: true, webauthn:extension:largeBlob: true, webauthn:extension:minPinLength: true, webauthn:extension:prf: true, webauthn:virtualAuthenticators: true}
Session ID: cc670bb8abe19cfb9b060bf5b9d08960]]>
            </message>
            <full-stacktrace>
              <![CDATA[org.openqa.selenium.NoSuchElementException: no such element: Unable to locate element: {"method":"css selector","selector":"#twotabsearchtextbox"}
  (Session info: chrome=129.0.6668.90)
For documentation on this error, please visit: https://www.selenium.dev/documentation/webdriver/troubleshooting/errors#no-such-element-exception
Build info: version: '4.25.0', revision: '8a8aea2337'
System info: os.name: 'Windows 11', os.arch: 'amd64', os.version: '10.0', java.version: '22.0.2'
Driver info: org.openqa.selenium.chrome.ChromeDriver
Command: [cc670bb8abe19cfb9b060bf5b9d08960, findElement {value=twotabsearchtextbox, using=id}]
Capabilities {acceptInsecureCerts: false, browserName: chrome, browserVersion: 129.0.6668.90, chrome: {chromedriverVersion: 129.0.6668.100 (cf58cba358d..., userDataDir: C:\Users\Admin\AppData\Loca...}, fedcm:accounts: true, goog:chromeOptions: {debuggerAddress: localhost:54379}, networkConnectionEnabled: false, pageLoadStrategy: normal, platformName: windows, proxy: Proxy(), se:cdp: ws://localhost:54379/devtoo..., se:cdpVersion: 129.0.6668.90, setWindowRect: true, strictFileInteractability: false, timeouts: {implicit: 0, pageLoad: 300000, script: 30000}, unhandledPromptBehavior: dismiss and notify, webauthn:extension:credBlob: true, webauthn:extension:largeBlob: true, webauthn:extension:minPinLength: true, webauthn:extension:prf: true, webauthn:virtualAuthenticators: true}
Session ID: cc670bb8abe19cfb9b060bf5b9d08960
at java.base/jdk.internal.reflect.DirectConstructorHandleAccessor.newInstance(DirectConstructorHandleAccessor.java:62)
at java.base/java.lang.reflect.Constructor.newInstanceWithCaller(Constructor.java:502)
at java.base/java.lang.reflect.Constructor.newInstance(Constructor.java:486)
at org.openqa.selenium.remote.ErrorCodec.decode(ErrorCodec.java:167)
at org.openqa.selenium.remote.codec.w3c.W3CHttpResponseCodec.decode(W3CHttpResponseCodec.java:138)
at org.openqa.selenium.remote.codec.w3c.W3CHttpResponseCodec.decode(W3CHttpResponseCodec.java:50)
at org.openqa.selenium.remote.HttpCommandExecutor.execute(HttpCommandExecutor.java:190)
at org.openqa.selenium.remote.service.DriverCommandExecutor.invokeExecute(DriverCommandExecutor.java:216)
at org.openqa.selenium.remote.service.DriverCommandExecutor.execute(DriverCommandExecutor.java:174)
at org.openqa.selenium.remote.RemoteWebDriver.execute(RemoteWebDriver.java:545)
at org.openqa.selenium.remote.ElementLocation$ElementFinder$2.findElement(ElementLocation.java:165)
at org.openqa.selenium.remote.ElementLocation.findElement(ElementLocation.java:66)
at org.openqa.selenium.remote.RemoteWebDriver.findElement(RemoteWebDriver.java:368)
at org.openqa.selenium.remote.RemoteWebDriver.findElement(RemoteWebDriver.java:362)
at org.openqa.selenium.support.pagefactory.DefaultElementLocator.findElement(DefaultElementLocator.java:68)
at org.openqa.selenium.support.pagefactory.internal.LocatingElementHandler.invoke(LocatingElementHandler.java:38)
at jdk.proxy2/jdk.proxy2.$Proxy11.getAttribute(Unknown Source)
at Pkg_maven.Amz_project.Amz_home_page.search_products(Amz_home_page.java:55)
at Pkg_maven.Amz_project.Add_product_to_cart.add_product(Add_product_to_cart.java:17)
at java.base/jdk.internal.reflect.DirectMethodHandleAccessor.invoke(DirectMethodHandleAccessor.java:103)
at java.base/java.lang.reflect.Method.invoke(Method.java:580)
at org.testng.internal.MethodInvocationHelper.invokeMethod(MethodInvocationHelper.java:133)
at org.testng.internal.TestInvoker.invokeMethod(TestInvoker.java:598)
at org.testng.internal.TestInvoker.invokeTestMethod(TestInvoker.java:173)
at org.testng.internal.MethodRunner.runInSequence(MethodRunner.java:46)
at org.testng.internal.TestInvoker$MethodInvocationAgent.invoke(TestInvoker.java:824)
at org.testng.internal.TestInvoker.invokeTestMethods(TestInvoker.java:146)
at org.testng.internal.TestMethodWorker.invokeTestMethods(TestMethodWorker.java:146)
at org.testng.internal.TestMethodWorker.run(TestMethodWorker.java:128)
at java.base/java.util.ArrayList.forEach(ArrayList.java:1597)
at org.testng.TestRunner.privateRun(TestRunner.java:794)
at org.testng.TestRunner.run(TestRunner.java:596)
at org.testng.SuiteRunner.runTest(SuiteRunner.java:377)
at org.testng.SuiteRunner.runSequentially(SuiteRunner.java:371)
at org.testng.SuiteRunner.privateRun(SuiteRunner.java:332)
at org.testng.SuiteRunner.run(SuiteRunner.java:276)
at org.testng.SuiteRunnerWorker.runSuite(SuiteRunnerWorker.java:53)
at org.testng.SuiteRunnerWorker.run(SuiteRunnerWorker.java:96)
at org.testng.TestNG.runSuitesSequentially(TestNG.java:1212)
at org.testng.TestNG.runSuitesLocally(TestNG.java:1134)
at org.testng.TestNG.runSuites(TestNG.java:1063)
at org.testng.TestNG.run(TestNG.java:1031)
at org.apache.maven.surefire.testng.TestNGExecutor.run(TestNGExecutor.java:324)
at org.apache.maven.surefire.testng.TestNGXmlTestSuite.execute(TestNGXmlTestSuite.java:74)
at org.apache.maven.surefire.testng.TestNGProvider.invoke(TestNGProvider.java:123)
at org.apache.maven.surefire.booter.ForkedBooter.runSuitesInProcess(ForkedBooter.java:456)
at org.apache.maven.surefire.booter.ForkedBooter.execute(ForkedBooter.java:169)
at org.apache.maven.surefire.booter.ForkedBooter.run(ForkedBooter.java:595)
at org.apache.maven.surefire.booter.ForkedBooter.main(ForkedBooter.java:581)
]]>
            </full-stacktrace>
          </exception> <!-- org.openqa.selenium.NoSuchElementException -->
          <reporter-output>
            <line>
              <![CDATA[test case has been failed]]>
            </line>
          </reporter-output>
        </test-method> <!-- add_product -->
        <test-method is-config="true" signature="Amz_logout()[pri:0, instance:Pkg_maven.Amz_project.Add_product_to_cart@7bab3f1a]" started-at="2024-10-10T19:26:25 IST" name="Amz_logout" finished-at="2024-10-10T19:26:48 IST" duration-ms="23571" status="PASS">
          <reporter-output>
          </reporter-output>
        </test-method> <!-- Amz_logout -->
      </class> <!-- Pkg_maven.Amz_project.Add_product_to_cart -->
      <class name="Pkg_maven.Amz_project.New_user_registration">
        <test-method signature="register()[pri:0, instance:Pkg_maven.Amz_project.New_user_registration@6cd28fa7]" started-at="2024-10-10T19:24:22 IST" name="register" finished-at="2024-10-10T19:24:26 IST" duration-ms="4452" status="PASS">
          <reporter-output>
            <line>
              <![CDATA[test case has been passed]]>
            </line>
          </reporter-output>
        </test-method> <!-- register -->
      </class> <!-- Pkg_maven.Amz_project.New_user_registration -->
      <class name="Pkg_maven.Amz_project.Profile_edit_name">
        <test-method is-config="true" signature="Amz_login()[pri:0, instance:Pkg_maven.Amz_project.Profile_edit_name@6fd83fc1]" started-at="2024-10-10T19:24:39 IST" name="Amz_login" finished-at="2024-10-10T19:24:42 IST" duration-ms="3138" status="PASS">
          <reporter-output>
          </reporter-output>
        </test-method> <!-- Amz_login -->
        <test-method signature="edit_profile_username()[pri:0, instance:Pkg_maven.Amz_project.Profile_edit_name@6fd83fc1]" started-at="2024-10-10T19:24:42 IST" name="edit_profile_username" finished-at="2024-10-10T19:24:49 IST" duration-ms="7309" status="PASS">
          <reporter-output>
            <line>
              <![CDATA[test case has been passed]]>
            </line>
          </reporter-output>
        </test-method> <!-- edit_profile_username -->
        <test-method is-config="true" signature="Amz_logout()[pri:0, instance:Pkg_maven.Amz_project.Profile_edit_name@6fd83fc1]" started-at="2024-10-10T19:24:49 IST" name="Amz_logout" finished-at="2024-10-10T19:24:49 IST" duration-ms="494" status="PASS">
          <reporter-output>
          </reporter-output>
        </test-method> <!-- Amz_logout -->
      </class> <!-- Pkg_maven.Amz_project.Profile_edit_name -->
      <class name="Pkg_maven.Amz_project.search_product">
        <test-method is-config="true" signature="Amz_login()[pri:0, instance:Pkg_maven.Amz_project.search_product@66f57048]" started-at="2024-10-10T19:24:49 IST" name="Amz_login" finished-at="2024-10-10T19:24:52 IST" duration-ms="2921" status="PASS">
          <reporter-output>
          </reporter-output>
        </test-method> <!-- Amz_login -->
        <test-method signature="Amz_search_product()[pri:0, instance:Pkg_maven.Amz_project.search_product@66f57048]" started-at="2024-10-10T19:24:52 IST" name="Amz_search_product" finished-at="2024-10-10T19:24:57 IST" duration-ms="4722" status="PASS">
          <reporter-output>
            <line>
              <![CDATA[test case has been passed]]>
            </line>
          </reporter-output>
        </test-method> <!-- Amz_search_product -->
        <test-method is-config="true" signature="Amz_logout()[pri:0, instance:Pkg_maven.Amz_project.search_product@66f57048]" started-at="2024-10-10T19:24:57 IST" name="Amz_logout" finished-at="2024-10-10T19:24:59 IST" duration-ms="1805" status="PASS">
          <reporter-output>
          </reporter-output>
        </test-method> <!-- Amz_logout -->
      </class> <!-- Pkg_maven.Amz_project.search_product -->
      <class name="Pkg_maven.Amz_project.Products_sort_price">
        <test-method is-config="true" signature="Amz_login()[pri:0, instance:Pkg_maven.Amz_project.Products_sort_price@36916eb0]" started-at="2024-10-10T19:25:32 IST" name="Amz_login" finished-at="2024-10-10T19:25:35 IST" duration-ms="2712" status="PASS">
          <reporter-output>
          </reporter-output>
        </test-method> <!-- Amz_login -->
        <test-method signature="price_hightolow()[pri:0, instance:Pkg_maven.Amz_project.Products_sort_price@36916eb0]" started-at="2024-10-10T19:25:35 IST" name="price_hightolow" finished-at="2024-10-10T19:25:42 IST" duration-ms="7122" status="FAIL">
          <exception class="java.lang.AssertionError">
            <message>
              <![CDATA[the products in search page are not shown in descending order of price expected [true] but found [false]]]>
            </message>
            <full-stacktrace>
              <![CDATA[java.lang.AssertionError: the products in search page are not shown in descending order of price expected [true] but found [false]
at org.testng.Assert.fail(Assert.java:99)
at org.testng.Assert.failNotEquals(Assert.java:1037)
at org.testng.Assert.assertTrue(Assert.java:45)
at Pkg_maven.Amz_project.Amz_search_page.verify_searchresult_hightolow(Amz_search_page.java:103)
at Pkg_maven.Amz_project.Products_sort_price.price_hightolow(Products_sort_price.java:28)
at java.base/jdk.internal.reflect.DirectMethodHandleAccessor.invoke(DirectMethodHandleAccessor.java:103)
at java.base/java.lang.reflect.Method.invoke(Method.java:580)
at org.testng.internal.MethodInvocationHelper.invokeMethod(MethodInvocationHelper.java:133)
at org.testng.internal.TestInvoker.invokeMethod(TestInvoker.java:598)
at org.testng.internal.TestInvoker.invokeTestMethod(TestInvoker.java:173)
at org.testng.internal.MethodRunner.runInSequence(MethodRunner.java:46)
at org.testng.internal.TestInvoker$MethodInvocationAgent.invoke(TestInvoker.java:824)
at org.testng.internal.TestInvoker.invokeTestMethods(TestInvoker.java:146)
at org.testng.internal.TestMethodWorker.invokeTestMethods(TestMethodWorker.java:146)
at org.testng.internal.TestMethodWorker.run(TestMethodWorker.java:128)
at java.base/java.util.ArrayList.forEach(ArrayList.java:1597)
at org.testng.TestRunner.privateRun(TestRunner.java:794)
at org.testng.TestRunner.run(TestRunner.java:596)
at org.testng.SuiteRunner.runTest(SuiteRunner.java:377)
at org.testng.SuiteRunner.runSequentially(SuiteRunner.java:371)
at org.testng.SuiteRunner.privateRun(SuiteRunner.java:332)
at org.testng.SuiteRunner.run(SuiteRunner.java:276)
at org.testng.SuiteRunnerWorker.runSuite(SuiteRunnerWorker.java:53)
at org.testng.SuiteRunnerWorker.run(SuiteRunnerWorker.java:96)
at org.testng.TestNG.runSuitesSequentially(TestNG.java:1212)
at org.testng.TestNG.runSuitesLocally(TestNG.java:1134)
at org.testng.TestNG.runSuites(TestNG.java:1063)
at org.testng.TestNG.run(TestNG.java:1031)
at org.apache.maven.surefire.testng.TestNGExecutor.run(TestNGExecutor.java:324)
at org.apache.maven.surefire.testng.TestNGXmlTestSuite.execute(TestNGXmlTestSuite.java:74)
at org.apache.maven.surefire.testng.TestNGProvider.invoke(TestNGProvider.java:123)
at org.apache.maven.surefire.booter.ForkedBooter.runSuitesInProcess(ForkedBooter.java:456)
at org.apache.maven.surefire.booter.ForkedBooter.execute(ForkedBooter.java:169)
at org.apache.maven.surefire.booter.ForkedBooter.run(ForkedBooter.java:595)
at org.apache.maven.surefire.booter.ForkedBooter.main(ForkedBooter.java:581)
]]>
            </full-stacktrace>
          </exception> <!-- java.lang.AssertionError -->
          <reporter-output>
            <line>
              <![CDATA[test case has been failed]]>
            </line>
          </reporter-output>
        </test-method> <!-- price_hightolow -->
        <test-method is-config="true" signature="Amz_logout()[pri:0, instance:Pkg_maven.Amz_project.Products_sort_price@36916eb0]" started-at="2024-10-10T19:25:42 IST" name="Amz_logout" finished-at="2024-10-10T19:25:43 IST" duration-ms="1784" status="PASS">
          <reporter-output>
          </reporter-output>
        </test-method> <!-- Amz_logout -->
        <test-method is-config="true" signature="Amz_login()[pri:0, instance:Pkg_maven.Amz_project.Products_sort_price@36916eb0]" started-at="2024-10-10T19:25:43 IST" name="Amz_login" finished-at="2024-10-10T19:25:47 IST" duration-ms="3225" status="PASS">
          <reporter-output>
          </reporter-output>
        </test-method> <!-- Amz_login -->
        <test-method signature="price_lowtohigh()[pri:0, instance:Pkg_maven.Amz_project.Products_sort_price@36916eb0]" started-at="2024-10-10T19:25:47 IST" name="price_lowtohigh" finished-at="2024-10-10T19:25:55 IST" duration-ms="7990" status="FAIL">
          <exception class="java.lang.AssertionError">
            <message>
              <![CDATA[the products in search page are not shown in ascending order of price expected [true] but found [false]]]>
            </message>
            <full-stacktrace>
              <![CDATA[java.lang.AssertionError: the products in search page are not shown in ascending order of price expected [true] but found [false]
at org.testng.Assert.fail(Assert.java:99)
at org.testng.Assert.failNotEquals(Assert.java:1037)
at org.testng.Assert.assertTrue(Assert.java:45)
at Pkg_maven.Amz_project.Amz_search_page.verify_searchresult_lowtohigh(Amz_search_page.java:90)
at Pkg_maven.Amz_project.Products_sort_price.price_lowtohigh(Products_sort_price.java:18)
at java.base/jdk.internal.reflect.DirectMethodHandleAccessor.invoke(DirectMethodHandleAccessor.java:103)
at java.base/java.lang.reflect.Method.invoke(Method.java:580)
at org.testng.internal.MethodInvocationHelper.invokeMethod(MethodInvocationHelper.java:133)
at org.testng.internal.TestInvoker.invokeMethod(TestInvoker.java:598)
at org.testng.internal.TestInvoker.invokeTestMethod(TestInvoker.java:173)
at org.testng.internal.MethodRunner.runInSequence(MethodRunner.java:46)
at org.testng.internal.TestInvoker$MethodInvocationAgent.invoke(TestInvoker.java:824)
at org.testng.internal.TestInvoker.invokeTestMethods(TestInvoker.java:146)
at org.testng.internal.TestMethodWorker.invokeTestMethods(TestMethodWorker.java:146)
at org.testng.internal.TestMethodWorker.run(TestMethodWorker.java:128)
at java.base/java.util.ArrayList.forEach(ArrayList.java:1597)
at org.testng.TestRunner.privateRun(TestRunner.java:794)
at org.testng.TestRunner.run(TestRunner.java:596)
at org.testng.SuiteRunner.runTest(SuiteRunner.java:377)
at org.testng.SuiteRunner.runSequentially(SuiteRunner.java:371)
at org.testng.SuiteRunner.privateRun(SuiteRunner.java:332)
at org.testng.SuiteRunner.run(SuiteRunner.java:276)
at org.testng.SuiteRunnerWorker.runSuite(SuiteRunnerWorker.java:53)
at org.testng.SuiteRunnerWorker.run(SuiteRunnerWorker.java:96)
at org.testng.TestNG.runSuitesSequentially(TestNG.java:1212)
at org.testng.TestNG.runSuitesLocally(TestNG.java:1134)
at org.testng.TestNG.runSuites(TestNG.java:1063)
at org.testng.TestNG.run(TestNG.java:1031)
at org.apache.maven.surefire.testng.TestNGExecutor.run(TestNGExecutor.java:324)
at org.apache.maven.surefire.testng.TestNGXmlTestSuite.execute(TestNGXmlTestSuite.java:74)
at org.apache.maven.surefire.testng.TestNGProvider.invoke(TestNGProvider.java:123)
at org.apache.maven.surefire.booter.ForkedBooter.runSuitesInProcess(ForkedBooter.java:456)
at org.apache.maven.surefire.booter.ForkedBooter.execute(ForkedBooter.java:169)
at org.apache.maven.surefire.booter.ForkedBooter.run(ForkedBooter.java:595)
at org.apache.maven.surefire.booter.ForkedBooter.main(ForkedBooter.java:581)
]]>
            </full-stacktrace>
          </exception> <!-- java.lang.AssertionError -->
          <reporter-output>
            <line>
              <![CDATA[test case has been failed]]>
            </line>
          </reporter-output>
        </test-method> <!-- price_lowtohigh -->
        <test-method is-config="true" signature="Amz_logout()[pri:0, instance:Pkg_maven.Amz_project.Products_sort_price@36916eb0]" started-at="2024-10-10T19:25:55 IST" name="Amz_logout" finished-at="2024-10-10T19:25:57 IST" duration-ms="1884" status="PASS">
          <reporter-output>
          </reporter-output>
        </test-method> <!-- Amz_logout -->
        <test-method is-config="true" signature="Amz_login()[pri:0, instance:Pkg_maven.Amz_project.Products_sort_price@36916eb0]" started-at="2024-10-10T19:25:57 IST" name="Amz_login" finished-at="2024-10-10T19:26:00 IST" duration-ms="3139" status="PASS">
          <reporter-output>
          </reporter-output>
        </test-method> <!-- Amz_login -->
        <test-method signature="sort_reviews()[pri:0, instance:Pkg_maven.Amz_project.Products_sort_price@36916eb0]" started-at="2024-10-10T19:26:00 IST" name="sort_reviews" finished-at="2024-10-10T19:26:11 IST" duration-ms="11262" status="FAIL">
          <exception class="java.lang.AssertionError">
            <message>
              <![CDATA[the products in search page are not shown in ascending order of average customer reviews expected [true] but found [false]]]>
            </message>
            <full-stacktrace>
              <![CDATA[java.lang.AssertionError: the products in search page are not shown in ascending order of average customer reviews expected [true] but found [false]
at org.testng.Assert.fail(Assert.java:99)
at org.testng.Assert.failNotEquals(Assert.java:1037)
at org.testng.Assert.assertTrue(Assert.java:45)
at Pkg_maven.Amz_project.Amz_search_page.verify_searchresult_reviewsort(Amz_search_page.java:117)
at Pkg_maven.Amz_project.Products_sort_price.sort_reviews(Products_sort_price.java:39)
at java.base/jdk.internal.reflect.DirectMethodHandleAccessor.invoke(DirectMethodHandleAccessor.java:103)
at java.base/java.lang.reflect.Method.invoke(Method.java:580)
at org.testng.internal.MethodInvocationHelper.invokeMethod(MethodInvocationHelper.java:133)
at org.testng.internal.TestInvoker.invokeMethod(TestInvoker.java:598)
at org.testng.internal.TestInvoker.invokeTestMethod(TestInvoker.java:173)
at org.testng.internal.MethodRunner.runInSequence(MethodRunner.java:46)
at org.testng.internal.TestInvoker$MethodInvocationAgent.invoke(TestInvoker.java:824)
at org.testng.internal.TestInvoker.invokeTestMethods(TestInvoker.java:146)
at org.testng.internal.TestMethodWorker.invokeTestMethods(TestMethodWorker.java:146)
at org.testng.internal.TestMethodWorker.run(TestMethodWorker.java:128)
at java.base/java.util.ArrayList.forEach(ArrayList.java:1597)
at org.testng.TestRunner.privateRun(TestRunner.java:794)
at org.testng.TestRunner.run(TestRunner.java:596)
at org.testng.SuiteRunner.runTest(SuiteRunner.java:377)
at org.testng.SuiteRunner.runSequentially(SuiteRunner.java:371)
at org.testng.SuiteRunner.privateRun(SuiteRunner.java:332)
at org.testng.SuiteRunner.run(SuiteRunner.java:276)
at org.testng.SuiteRunnerWorker.runSuite(SuiteRunnerWorker.java:53)
at org.testng.SuiteRunnerWorker.run(SuiteRunnerWorker.java:96)
at org.testng.TestNG.runSuitesSequentially(TestNG.java:1212)
at org.testng.TestNG.runSuitesLocally(TestNG.java:1134)
at org.testng.TestNG.runSuites(TestNG.java:1063)
at org.testng.TestNG.run(TestNG.java:1031)
at org.apache.maven.surefire.testng.TestNGExecutor.run(TestNGExecutor.java:324)
at org.apache.maven.surefire.testng.TestNGXmlTestSuite.execute(TestNGXmlTestSuite.java:74)
at org.apache.maven.surefire.testng.TestNGProvider.invoke(TestNGProvider.java:123)
at org.apache.maven.surefire.booter.ForkedBooter.runSuitesInProcess(ForkedBooter.java:456)
at org.apache.maven.surefire.booter.ForkedBooter.execute(ForkedBooter.java:169)
at org.apache.maven.surefire.booter.ForkedBooter.run(ForkedBooter.java:595)
at org.apache.maven.surefire.booter.ForkedBooter.main(ForkedBooter.java:581)
]]>
            </full-stacktrace>
          </exception> <!-- java.lang.AssertionError -->
          <reporter-output>
            <line>
              <![CDATA[test case has been failed]]>
            </line>
          </reporter-output>
        </test-method> <!-- sort_reviews -->
        <test-method is-config="true" signature="Amz_logout()[pri:0, instance:Pkg_maven.Amz_project.Products_sort_price@36916eb0]" started-at="2024-10-10T19:26:11 IST" name="Amz_logout" finished-at="2024-10-10T19:26:12 IST" duration-ms="1226" status="FAIL">
          <exception class="org.openqa.selenium.ElementClickInterceptedException">
            <message>
              <![CDATA[element click intercepted: Element <a id="nav-item-signout" href="/gp/flex/sign-out.html?path=%2Fgp%2Fyourstore%2Fhome&amp;signIn=1&amp;useRedirectOnSuccess=1&amp;action=sign-out&amp;ref_=nav_AccountFlyout_signout" class="nav-link nav-item">...</a> is not clickable at point (1030, 131). Other element would receive the click: <a tabindex="-1" href="javascript:void(0)" aria-hidden="true" data-value="{&quot;stringVal&quot;:&quot;relevanceblender&quot;}" id="s-result-sort-select_0" class="a-dropdown-link">...</a>
  (Session info: chrome=129.0.6668.90)
Build info: version: '4.25.0', revision: '8a8aea2337'
System info: os.name: 'Windows 11', os.arch: 'amd64', os.version: '10.0', java.version: '22.0.2'
Driver info: org.openqa.selenium.chrome.ChromeDriver
Command: [358eaf129444d8895aefd23605b3c97c, clickElement {id=f.178AAEB2931F0EB9DB7B56506AE297E5.d.A50CC7D429C97C74251207463AE75305.e.590}]
Capabilities {acceptInsecureCerts: false, browserName: chrome, browserVersion: 129.0.6668.90, chrome: {chromedriverVersion: 129.0.6668.100 (cf58cba358d..., userDataDir: C:\Users\Admin\AppData\Loca...}, fedcm:accounts: true, goog:chromeOptions: {debuggerAddress: localhost:54259}, networkConnectionEnabled: false, pageLoadStrategy: normal, platformName: windows, proxy: Proxy(), se:cdp: ws://localhost:54259/devtoo..., se:cdpVersion: 129.0.6668.90, setWindowRect: true, strictFileInteractability: false, timeouts: {implicit: 0, pageLoad: 300000, script: 30000}, unhandledPromptBehavior: dismiss and notify, webauthn:extension:credBlob: true, webauthn:extension:largeBlob: true, webauthn:extension:minPinLength: true, webauthn:extension:prf: true, webauthn:virtualAuthenticators: true}
Element: [[ChromeDriver: chrome on windows (358eaf129444d8895aefd23605b3c97c)] -> id: nav-item-signout]
Session ID: 358eaf129444d8895aefd23605b3c97c]]>
            </message>
            <full-stacktrace>
              <![CDATA[org.openqa.selenium.ElementClickInterceptedException: element click intercepted: Element <a id="nav-item-signout" href="/gp/flex/sign-out.html?path=%2Fgp%2Fyourstore%2Fhome&amp;signIn=1&amp;useRedirectOnSuccess=1&amp;action=sign-out&amp;ref_=nav_AccountFlyout_signout" class="nav-link nav-item">...</a> is not clickable at point (1030, 131). Other element would receive the click: <a tabindex="-1" href="javascript:void(0)" aria-hidden="true" data-value="{&quot;stringVal&quot;:&quot;relevanceblender&quot;}" id="s-result-sort-select_0" class="a-dropdown-link">...</a>
  (Session info: chrome=129.0.6668.90)
Build info: version: '4.25.0', revision: '8a8aea2337'
System info: os.name: 'Windows 11', os.arch: 'amd64', os.version: '10.0', java.version: '22.0.2'
Driver info: org.openqa.selenium.chrome.ChromeDriver
Command: [358eaf129444d8895aefd23605b3c97c, clickElement {id=f.178AAEB2931F0EB9DB7B56506AE297E5.d.A50CC7D429C97C74251207463AE75305.e.590}]
Capabilities {acceptInsecureCerts: false, browserName: chrome, browserVersion: 129.0.6668.90, chrome: {chromedriverVersion: 129.0.6668.100 (cf58cba358d..., userDataDir: C:\Users\Admin\AppData\Loca...}, fedcm:accounts: true, goog:chromeOptions: {debuggerAddress: localhost:54259}, networkConnectionEnabled: false, pageLoadStrategy: normal, platformName: windows, proxy: Proxy(), se:cdp: ws://localhost:54259/devtoo..., se:cdpVersion: 129.0.6668.90, setWindowRect: true, strictFileInteractability: false, timeouts: {implicit: 0, pageLoad: 300000, script: 30000}, unhandledPromptBehavior: dismiss and notify, webauthn:extension:credBlob: true, webauthn:extension:largeBlob: true, webauthn:extension:minPinLength: true, webauthn:extension:prf: true, webauthn:virtualAuthenticators: true}
Element: [[ChromeDriver: chrome on windows (358eaf129444d8895aefd23605b3c97c)] -> id: nav-item-signout]
Session ID: 358eaf129444d8895aefd23605b3c97c
at java.base/jdk.internal.reflect.DirectConstructorHandleAccessor.newInstance(DirectConstructorHandleAccessor.java:62)
at java.base/java.lang.reflect.Constructor.newInstanceWithCaller(Constructor.java:502)
at java.base/java.lang.reflect.Constructor.newInstance(Constructor.java:486)
at org.openqa.selenium.remote.ErrorCodec.decode(ErrorCodec.java:167)
at org.openqa.selenium.remote.codec.w3c.W3CHttpResponseCodec.decode(W3CHttpResponseCodec.java:138)
at org.openqa.selenium.remote.codec.w3c.W3CHttpResponseCodec.decode(W3CHttpResponseCodec.java:50)
at org.openqa.selenium.remote.HttpCommandExecutor.execute(HttpCommandExecutor.java:190)
at org.openqa.selenium.remote.service.DriverCommandExecutor.invokeExecute(DriverCommandExecutor.java:216)
at org.openqa.selenium.remote.service.DriverCommandExecutor.execute(DriverCommandExecutor.java:174)
at org.openqa.selenium.remote.RemoteWebDriver.execute(RemoteWebDriver.java:545)
at org.openqa.selenium.remote.RemoteWebElement.execute(RemoteWebElement.java:223)
at org.openqa.selenium.remote.RemoteWebElement.click(RemoteWebElement.java:76)
at Pkg_maven.Amz_project.login_logout.Amz_logout(login_logout.java:46)
at java.base/jdk.internal.reflect.DirectMethodHandleAccessor.invoke(DirectMethodHandleAccessor.java:103)
at java.base/java.lang.reflect.Method.invoke(Method.java:580)
at org.testng.internal.MethodInvocationHelper.invokeMethod(MethodInvocationHelper.java:133)
at org.testng.internal.MethodInvocationHelper.invokeMethodConsideringTimeout(MethodInvocationHelper.java:62)
at org.testng.internal.ConfigInvoker.invokeConfigurationMethod(ConfigInvoker.java:385)
at org.testng.internal.ConfigInvoker.invokeConfigurations(ConfigInvoker.java:321)
at org.testng.internal.TestInvoker.runConfigMethods(TestInvoker.java:700)
at org.testng.internal.TestInvoker.runAfterGroupsConfigurations(TestInvoker.java:676)
at org.testng.internal.TestInvoker.invokeMethod(TestInvoker.java:660)
at org.testng.internal.TestInvoker.invokeTestMethod(TestInvoker.java:173)
at org.testng.internal.MethodRunner.runInSequence(MethodRunner.java:46)
at org.testng.internal.TestInvoker$MethodInvocationAgent.invoke(TestInvoker.java:824)
at org.testng.internal.TestInvoker.invokeTestMethods(TestInvoker.java:146)
at org.testng.internal.TestMethodWorker.invokeTestMethods(TestMethodWorker.java:146)
at org.testng.internal.TestMethodWorker.run(TestMethodWorker.java:128)
at java.base/java.util.ArrayList.forEach(ArrayList.java:1597)
at org.testng.TestRunner.privateRun(TestRunner.java:794)
at org.testng.TestRunner.run(TestRunner.java:596)
at org.testng.SuiteRunner.runTest(SuiteRunner.java:377)
at org.testng.SuiteRunner.runSequentially(SuiteRunner.java:371)
at org.testng.SuiteRunner.privateRun(SuiteRunner.java:332)
at org.testng.SuiteRunner.run(SuiteRunner.java:276)
at org.testng.SuiteRunnerWorker.runSuite(SuiteRunnerWorker.java:53)
at org.testng.SuiteRunnerWorker.run(SuiteRunnerWorker.java:96)
at org.testng.TestNG.runSuitesSequentially(TestNG.java:1212)
at org.testng.TestNG.runSuitesLocally(TestNG.java:1134)
at org.testng.TestNG.runSuites(TestNG.java:1063)
at org.testng.TestNG.run(TestNG.java:1031)
at org.apache.maven.surefire.testng.TestNGExecutor.run(TestNGExecutor.java:324)
at org.apache.maven.surefire.testng.TestNGXmlTestSuite.execute(TestNGXmlTestSuite.java:74)
at org.apache.maven.surefire.testng.TestNGProvider.invoke(TestNGProvider.java:123)
at org.apache.maven.surefire.booter.ForkedBooter.runSuitesInProcess(ForkedBooter.java:456)
at org.apache.maven.surefire.booter.ForkedBooter.execute(ForkedBooter.java:169)
at org.apache.maven.surefire.booter.ForkedBooter.run(ForkedBooter.java:595)
at org.apache.maven.surefire.booter.ForkedBooter.main(ForkedBooter.java:581)
]]>
            </full-stacktrace>
          </exception> <!-- org.openqa.selenium.ElementClickInterceptedException -->
          <reporter-output>
          </reporter-output>
        </test-method> <!-- Amz_logout -->
      </class> <!-- Pkg_maven.Amz_project.Products_sort_price -->
      <class name="Pkg_maven.Amz_project.Apply_promocode">
        <test-method is-config="true" signature="Amz_login()[pri:0, instance:Pkg_maven.Amz_project.Apply_promocode@3cebbb30]" started-at="2024-10-10T19:28:43 IST" name="Amz_login" finished-at="2024-10-10T19:28:46 IST" duration-ms="2927" status="PASS">
          <reporter-output>
          </reporter-output>
        </test-method> <!-- Amz_login -->
        <test-method signature="enter_promocode()[pri:0, instance:Pkg_maven.Amz_project.Apply_promocode@3cebbb30]" started-at="2024-10-10T19:28:46 IST" name="enter_promocode" finished-at="2024-10-10T19:29:22 IST" duration-ms="36031" status="FAIL">
          <exception class="org.openqa.selenium.TimeoutException">
            <message>
              <![CDATA[Expected condition failed: waiting for element to be clickable: Proxy element for: DefaultElementLocator 'By.partialLinkText: Add to Cart' (tried for 10 second(s) with 500 milliseconds interval)]]>
            </message>
            <full-stacktrace>
              <![CDATA[org.openqa.selenium.TimeoutException: Expected condition failed: waiting for element to be clickable: Proxy element for: DefaultElementLocator 'By.partialLinkText: Add to Cart' (tried for 10 second(s) with 500 milliseconds interval)
at org.openqa.selenium.support.ui.WebDriverWait.timeoutException(WebDriverWait.java:84)
at org.openqa.selenium.support.ui.FluentWait.until(FluentWait.java:228)
at Pkg_maven.Amz_project.Amz_product_details_page.add_to_cart(Amz_product_details_page.java:63)
at Pkg_maven.Amz_project.Apply_promocode.enter_promocode(Apply_promocode.java:25)
at java.base/jdk.internal.reflect.DirectMethodHandleAccessor.invoke(DirectMethodHandleAccessor.java:103)
at java.base/java.lang.reflect.Method.invoke(Method.java:580)
at org.testng.internal.MethodInvocationHelper.invokeMethod(MethodInvocationHelper.java:133)
at org.testng.internal.TestInvoker.invokeMethod(TestInvoker.java:598)
at org.testng.internal.TestInvoker.invokeTestMethod(TestInvoker.java:173)
at org.testng.internal.MethodRunner.runInSequence(MethodRunner.java:46)
at org.testng.internal.TestInvoker$MethodInvocationAgent.invoke(TestInvoker.java:824)
at org.testng.internal.TestInvoker.invokeTestMethods(TestInvoker.java:146)
at org.testng.internal.TestMethodWorker.invokeTestMethods(TestMethodWorker.java:146)
at org.testng.internal.TestMethodWorker.run(TestMethodWorker.java:128)
at java.base/java.util.ArrayList.forEach(ArrayList.java:1597)
at org.testng.TestRunner.privateRun(TestRunner.java:794)
at org.testng.TestRunner.run(TestRunner.java:596)
at org.testng.SuiteRunner.runTest(SuiteRunner.java:377)
at org.testng.SuiteRunner.runSequentially(SuiteRunner.java:371)
at org.testng.SuiteRunner.privateRun(SuiteRunner.java:332)
at org.testng.SuiteRunner.run(SuiteRunner.java:276)
at org.testng.SuiteRunnerWorker.runSuite(SuiteRunnerWorker.java:53)
at org.testng.SuiteRunnerWorker.run(SuiteRunnerWorker.java:96)
at org.testng.TestNG.runSuitesSequentially(TestNG.java:1212)
at org.testng.TestNG.runSuitesLocally(TestNG.java:1134)
at org.testng.TestNG.runSuites(TestNG.java:1063)
at org.testng.TestNG.run(TestNG.java:1031)
at org.apache.maven.surefire.testng.TestNGExecutor.run(TestNGExecutor.java:324)
at org.apache.maven.surefire.testng.TestNGXmlTestSuite.execute(TestNGXmlTestSuite.java:74)
at org.apache.maven.surefire.testng.TestNGProvider.invoke(TestNGProvider.java:123)
at org.apache.maven.surefire.booter.ForkedBooter.runSuitesInProcess(ForkedBooter.java:456)
at org.apache.maven.surefire.booter.ForkedBooter.execute(ForkedBooter.java:169)
at org.apache.maven.surefire.booter.ForkedBooter.run(ForkedBooter.java:595)
at org.apache.maven.surefire.booter.ForkedBooter.main(ForkedBooter.java:581)
Caused by: org.openqa.selenium.NoSuchElementException: no such element: Unable to locate element: {"method":"partial link text","selector":"Add to Cart"}
  (Session info: chrome=129.0.6668.90)
For documentation on this error, please visit: https://www.selenium.dev/documentation/webdriver/troubleshooting/errors#no-such-element-exception
Build info: version: '4.25.0', revision: '8a8aea2337'
System info: os.name: 'Windows 11', os.arch: 'amd64', os.version: '10.0', java.version: '22.0.2'
Driver info: org.openqa.selenium.chrome.ChromeDriver
Command: [ac67421b754e6996c7c34d72e31edb81, findElement {value=Add to Cart, using=partial link text}]
Capabilities {acceptInsecureCerts: false, browserName: chrome, browserVersion: 129.0.6668.90, chrome: {chromedriverVersion: 129.0.6668.100 (cf58cba358d..., userDataDir: C:\Users\Admin\AppData\Loca...}, fedcm:accounts: true, goog:chromeOptions: {debuggerAddress: localhost:55030}, networkConnectionEnabled: false, pageLoadStrategy: normal, platformName: windows, proxy: Proxy(), se:cdp: ws://localhost:55030/devtoo..., se:cdpVersion: 129.0.6668.90, setWindowRect: true, strictFileInteractability: false, timeouts: {implicit: 0, pageLoad: 300000, script: 30000}, unhandledPromptBehavior: dismiss and notify, webauthn:extension:credBlob: true, webauthn:extension:largeBlob: true, webauthn:extension:minPinLength: true, webauthn:extension:prf: true, webauthn:virtualAuthenticators: true}
Session ID: ac67421b754e6996c7c34d72e31edb81
at java.base/jdk.internal.reflect.DirectConstructorHandleAccessor.newInstance(DirectConstructorHandleAccessor.java:62)
at java.base/java.lang.reflect.Constructor.newInstanceWithCaller(Constructor.java:502)
at java.base/java.lang.reflect.Constructor.newInstance(Constructor.java:486)
at org.openqa.selenium.remote.ErrorCodec.decode(ErrorCodec.java:167)
at org.openqa.selenium.remote.codec.w3c.W3CHttpResponseCodec.decode(W3CHttpResponseCodec.java:138)
at org.openqa.selenium.remote.codec.w3c.W3CHttpResponseCodec.decode(W3CHttpResponseCodec.java:50)
at org.openqa.selenium.remote.HttpCommandExecutor.execute(HttpCommandExecutor.java:190)
at org.openqa.selenium.remote.service.DriverCommandExecutor.invokeExecute(DriverCommandExecutor.java:216)
at org.openqa.selenium.remote.service.DriverCommandExecutor.execute(DriverCommandExecutor.java:174)
at org.openqa.selenium.remote.RemoteWebDriver.execute(RemoteWebDriver.java:545)
at org.openqa.selenium.remote.ElementLocation$ElementFinder$2.findElement(ElementLocation.java:165)
at org.openqa.selenium.remote.ElementLocation.findElement(ElementLocation.java:59)
at org.openqa.selenium.remote.RemoteWebDriver.findElement(RemoteWebDriver.java:368)
at org.openqa.selenium.remote.RemoteWebDriver.findElement(RemoteWebDriver.java:362)
at org.openqa.selenium.support.pagefactory.DefaultElementLocator.findElement(DefaultElementLocator.java:68)
at org.openqa.selenium.support.pagefactory.internal.LocatingElementHandler.invoke(LocatingElementHandler.java:38)
at jdk.proxy2/jdk.proxy2.$Proxy11.isDisplayed(Unknown Source)
at org.openqa.selenium.support.ui.ExpectedConditions.elementIfVisible(ExpectedConditions.java:304)
at org.openqa.selenium.support.ui.ExpectedConditions$10.apply(ExpectedConditions.java:290)
at org.openqa.selenium.support.ui.ExpectedConditions$10.apply(ExpectedConditions.java:287)
at org.openqa.selenium.support.ui.ExpectedConditions$23.apply(ExpectedConditions.java:656)
at org.openqa.selenium.support.ui.ExpectedConditions$23.apply(ExpectedConditions.java:652)
at org.openqa.selenium.support.ui.FluentWait.until(FluentWait.java:203)
... 32 more
]]>
            </full-stacktrace>
          </exception> <!-- org.openqa.selenium.TimeoutException -->
          <reporter-output>
            <line>
              <![CDATA[test case has been failed]]>
            </line>
          </reporter-output>
        </test-method> <!-- enter_promocode -->
        <test-method is-config="true" signature="Amz_logout()[pri:0, instance:Pkg_maven.Amz_project.Apply_promocode@3cebbb30]" started-at="2024-10-10T19:29:22 IST" name="Amz_logout" finished-at="2024-10-10T19:29:24 IST" duration-ms="1951" status="PASS">
          <reporter-output>
          </reporter-output>
        </test-method> <!-- Amz_logout -->
      </class> <!-- Pkg_maven.Amz_project.Apply_promocode -->
      <class name="Pkg_maven.Amz_project.Reviews_order">
        <test-method is-config="true" signature="Amz_login()[pri:0, instance:Pkg_maven.Amz_project.Reviews_order@12aba8be]" started-at="2024-10-10T19:29:24 IST" name="Amz_login" finished-at="2024-10-10T19:29:27 IST" duration-ms="3160" status="PASS">
          <reporter-output>
          </reporter-output>
        </test-method> <!-- Amz_login -->
        <test-method signature="give_review()[pri:0, instance:Pkg_maven.Amz_project.Reviews_order@12aba8be]" started-at="2024-10-10T19:29:27 IST" name="give_review" finished-at="2024-10-10T19:29:33 IST" duration-ms="5953" status="PASS">
          <reporter-output>
            <line>
              <![CDATA[test case has been passed]]>
            </line>
          </reporter-output>
        </test-method> <!-- give_review -->
        <test-method is-config="true" signature="Amz_logout()[pri:0, instance:Pkg_maven.Amz_project.Reviews_order@12aba8be]" started-at="2024-10-10T19:29:33 IST" name="Amz_logout" finished-at="2024-10-10T19:29:35 IST" duration-ms="1722" status="PASS">
          <reporter-output>
          </reporter-output>
        </test-method> <!-- Amz_logout -->
      </class> <!-- Pkg_maven.Amz_project.Reviews_order -->
      <class name="Pkg_maven.Amz_project.Login_using_incorrect_cred">
        <test-method signature="login_incorrect_cred()[pri:0, instance:Pkg_maven.Amz_project.Login_using_incorrect_cred@58d75e99]" started-at="2024-10-10T19:24:34 IST" name="login_incorrect_cred" finished-at="2024-10-10T19:24:39 IST" duration-ms="4614" status="PASS">
          <reporter-output>
            <line>
              <![CDATA[test case has been passed]]>
            </line>
          </reporter-output>
        </test-method> <!-- login_incorrect_cred -->
      </class> <!-- Pkg_maven.Amz_project.Login_using_incorrect_cred -->
      <class name="Pkg_maven.Amz_project.Login_using_correct_cred">
        <test-method signature="login_method()[pri:0, instance:Pkg_maven.Amz_project.Login_using_correct_cred@5ba3f27a]" started-at="2024-10-10T19:24:27 IST" name="login_method" finished-at="2024-10-10T19:24:34 IST" duration-ms="7422" status="PASS">
          <reporter-output>
            <line>
              <![CDATA[test case has been passed]]>
            </line>
          </reporter-output>
        </test-method> <!-- login_method -->
      </class> <!-- Pkg_maven.Amz_project.Login_using_correct_cred -->
      <class name="Pkg_maven.Amz_project.Check_product_details_present">
        <test-method is-config="true" signature="Amz_login()[pri:0, instance:Pkg_maven.Amz_project.Check_product_details_present@21282ed8]" started-at="2024-10-10T19:25:18 IST" name="Amz_login" finished-at="2024-10-10T19:25:21 IST" duration-ms="3063" status="PASS">
          <reporter-output>
          </reporter-output>
        </test-method> <!-- Amz_login -->
        <test-method signature="verify_product_details()[pri:0, instance:Pkg_maven.Amz_project.Check_product_details_present@21282ed8]" started-at="2024-10-10T19:25:21 IST" name="verify_product_details" finished-at="2024-10-10T19:25:30 IST" duration-ms="8984" status="PASS">
          <reporter-output>
            <line>
              <![CDATA[test case has been passed]]>
            </line>
          </reporter-output>
        </test-method> <!-- verify_product_details -->
        <test-method is-config="true" signature="Amz_logout()[pri:0, instance:Pkg_maven.Amz_project.Check_product_details_present@21282ed8]" started-at="2024-10-10T19:25:30 IST" name="Amz_logout" finished-at="2024-10-10T19:25:32 IST" duration-ms="2039" status="PASS">
          <reporter-output>
          </reporter-output>
        </test-method> <!-- Amz_logout -->
      </class> <!-- Pkg_maven.Amz_project.Check_product_details_present -->
      <class name="Pkg_maven.Amz_project.Validate_checkout_process_without_login">
        <test-method signature="checkout_without_logout()[pri:0, instance:Pkg_maven.Amz_project.Validate_checkout_process_without_login@290222c1]" started-at="2024-10-10T19:29:35 IST" name="checkout_without_logout" finished-at="2024-10-10T19:30:13 IST" duration-ms="38600" status="PASS">
          <reporter-output>
            <line>
              <![CDATA[test case has been passed]]>
            </line>
          </reporter-output>
        </test-method> <!-- checkout_without_logout -->
      </class> <!-- Pkg_maven.Amz_project.Validate_checkout_process_without_login -->
      <class name="Pkg_maven.Amz_project.Cart_operation">
        <test-method is-config="true" signature="Amz_login()[pri:0, instance:Pkg_maven.Amz_project.Cart_operation@23c30a20]" started-at="2024-10-10T19:27:19 IST" name="Amz_login" finished-at="2024-10-10T19:27:22 IST" duration-ms="2992" status="PASS">
          <reporter-output>
          </reporter-output>
        </test-method> <!-- Amz_login -->
        <test-method signature="delete_product_cart()[pri:0, instance:Pkg_maven.Amz_project.Cart_operation@23c30a20]" started-at="2024-10-10T19:27:22 IST" name="delete_product_cart" finished-at="2024-10-10T19:27:34 IST" duration-ms="11954" status="PASS">
          <reporter-output>
            <line>
              <![CDATA[test case has been passed]]>
            </line>
          </reporter-output>
        </test-method> <!-- delete_product_cart -->
        <test-method is-config="true" signature="Amz_logout()[pri:0, instance:Pkg_maven.Amz_project.Cart_operation@23c30a20]" started-at="2024-10-10T19:27:34 IST" name="Amz_logout" finished-at="2024-10-10T19:27:36 IST" duration-ms="1771" status="PASS">
          <reporter-output>
          </reporter-output>
        </test-method> <!-- Amz_logout -->
        <test-method is-config="true" signature="Amz_login()[pri:0, instance:Pkg_maven.Amz_project.Cart_operation@23c30a20]" started-at="2024-10-10T19:27:36 IST" name="Amz_login" finished-at="2024-10-10T19:27:39 IST" duration-ms="3033" status="PASS">
          <reporter-output>
          </reporter-output>
        </test-method> <!-- Amz_login -->
        <test-method signature="increase_qauntity()[pri:0, instance:Pkg_maven.Amz_project.Cart_operation@23c30a20]" started-at="2024-10-10T19:27:39 IST" name="increase_qauntity" finished-at="2024-10-10T19:27:52 IST" duration-ms="12882" status="PASS">
          <reporter-output>
            <line>
              <![CDATA[test case has been passed]]>
            </line>
          </reporter-output>
        </test-method> <!-- increase_qauntity -->
        <test-method is-config="true" signature="Amz_logout()[pri:0, instance:Pkg_maven.Amz_project.Cart_operation@23c30a20]" started-at="2024-10-10T19:27:52 IST" name="Amz_logout" finished-at="2024-10-10T19:27:54 IST" duration-ms="1855" status="PASS">
          <reporter-output>
          </reporter-output>
        </test-method> <!-- Amz_logout -->
      </class> <!-- Pkg_maven.Amz_project.Cart_operation -->
      <class name="Pkg_maven.Amz_project.Validate_payment_options">
        <test-method is-config="true" signature="Amz_login()[pri:0, instance:Pkg_maven.Amz_project.Validate_payment_options@437da279]" started-at="2024-10-10T19:26:48 IST" name="Amz_login" finished-at="2024-10-10T19:26:52 IST" duration-ms="3286" status="PASS">
          <reporter-output>
          </reporter-output>
        </test-method> <!-- Amz_login -->
        <test-method signature="check_payment_method_selection()[pri:0, instance:Pkg_maven.Amz_project.Validate_payment_options@437da279]" started-at="2024-10-10T19:26:52 IST" name="check_payment_method_selection" finished-at="2024-10-10T19:27:16 IST" duration-ms="24743" status="PASS">
          <reporter-output>
            <line>
              <![CDATA[test case has been passed]]>
            </line>
          </reporter-output>
        </test-method> <!-- check_payment_method_selection -->
        <test-method is-config="true" signature="Amz_logout()[pri:0, instance:Pkg_maven.Amz_project.Validate_payment_options@437da279]" started-at="2024-10-10T19:27:16 IST" name="Amz_logout" finished-at="2024-10-10T19:27:19 IST" duration-ms="2751" status="PASS">
          <reporter-output>
          </reporter-output>
        </test-method> <!-- Amz_logout -->
      </class> <!-- Pkg_maven.Amz_project.Validate_payment_options -->
    </test> <!-- Amz_Test2 -->
  </suite> <!-- Amz_Suite2 -->
</testng-results>
